<?xml version="1.0" encoding="UTF-8"?>
<!-- Generated by org.testng.reporters.JUnitReportReporter -->
<testsuite hostname="LAPTOP-5QBIB813" failures="0" tests="1" name="testNG.Class_A" time="0.003" errors="0" timestamp="2022-04-29T17:11:06 IST" skipped="0">
  <testcase classname="testNG.Class_A" name="test" time="0.003"/>
  <system-out/>
</testsuite> <!-- testNG.Class_A -->
