<?xml version="1.0" encoding="UTF-8"?>
<!-- Generated by org.testng.reporters.JUnitReportReporter -->
<testsuite hostname="LAPTOP-5QBIB813" failures="0" tests="2" name="selenium.learning.Tc001_dataprovider" time="78.042" errors="0" timestamp="2022-05-04T13:29:31 IST" skipped="0">
  <testcase classname="selenium.learning.Tc001_dataprovider" name="irctcregistration" time="39.764"/>
  <system-out/>
  <testcase classname="selenium.learning.Tc001_dataprovider" name="irctcregistration" time="38.278"/>
  <system-out/>
</testsuite> <!-- selenium.learning.Tc001_dataprovider -->
