<?xml version="1.0" encoding="UTF-8"?>
<!-- Generated by org.testng.reporters.JUnitReportReporter -->
<testsuite hostname="LAPTOP-5QBIB813" failures="0" tests="2" name="testNG.Demogroups" time="60.489" errors="0" timestamp="2022-05-02T17:20:00 IST" skipped="0">
  <testcase classname="testNG.Demogroups" name="irctcregistration2" time="30.177"/>
  <system-out/>
  <testcase classname="testNG.Demogroups" name="irctcregistration1" time="30.312"/>
  <system-out/>
</testsuite> <!-- testNG.Demogroups -->
