<?xml version="1.0" encoding="UTF-8"?>
<!-- Generated by org.testng.reporters.JUnitReportReporter -->
<testsuite hostname="LAPTOP-5QBIB813" failures="0" tests="1" name="testcases1.TestNGTc0001" time="43.621" errors="0" timestamp="2022-05-02T16:19:26 IST" skipped="0">
  <testcase classname="testcases1.TestNGTc0001" name="irctcregistration" time="43.621"/>
  <system-out/>
</testsuite> <!-- testcases1.TestNGTc0001 -->
