<?xml version="1.0" encoding="UTF-8"?>
<!-- Generated by org.testng.reporters.JUnitReportReporter -->
<testsuite hostname="LAPTOP-5QBIB813" failures="0" tests="3" name="selenium.learning.Tc0002_dataprovider2" time="139.234" errors="0" timestamp="2022-05-18T18:34:56 IST" skipped="0">
  <testcase classname="selenium.learning.Tc0002_dataprovider2" name="irctcregistration1" time="45.053"/>
  <system-out/>
  <testcase classname="selenium.learning.Tc0002_dataprovider2" name="irctcregistration1" time="42.194"/>
  <system-out/>
  <testcase classname="selenium.learning.Tc0002_dataprovider2" name="irctcregistration1" time="51.987"/>
  <system-out/>
</testsuite> <!-- selenium.learning.Tc0002_dataprovider2 -->
