<?xml version="1.0" encoding="UTF-8"?>
<!-- Generated by org.testng.reporters.JUnitReportReporter -->
<testsuite hostname="LAPTOP-5QBIB813" failures="0" tests="1" name="selenium.learning.Dataprovider_Tc001" time="0.403" errors="0" timestamp="2022-05-04T12:53:08 IST" skipped="0">
  <testcase classname="selenium.learning.Dataprovider_Tc001" name="mydata" time="0.403"/>
  <system-out/>
</testsuite> <!-- selenium.learning.Dataprovider_Tc001 -->
