<?xml version="1.0" encoding="UTF-8"?>
<!-- Generated by org.testng.reporters.JUnitReportReporter -->
<testsuite hostname="LAPTOP-5QBIB813" failures="0" tests="1" name="selenium.learning.Dataprovider_Tc0002" time="0.403" errors="0" timestamp="2022-05-04T15:17:19 IST" skipped="0">
  <testcase classname="selenium.learning.Dataprovider_Tc0002" name="dataprovider2" time="0.403"/>
  <system-out/>
</testsuite> <!-- selenium.learning.Dataprovider_Tc0002 -->
