<?xml version="1.0" encoding="UTF-8"?>
<!-- Generated by org.testng.reporters.JUnitReportReporter -->
<testsuite hostname="LAPTOP-5QBIB813" failures="0" tests="1" name="testcases1.Invoken" time="3.864" errors="0" timestamp="2022-05-02T13:53:54 IST" skipped="0">
  <testcase classname="testcases1.Invoken" name="invoked" time="3.864"/>
  <system-out/>
</testsuite> <!-- testcases1.Invoken -->
